外贸单证模板大全-10制单结汇-体积证-doc0045
外贸单证模板大全-10制单结汇-加拿大海关发票-doc0011
外贸单证模板大全-10制单结汇-原产地证明书申请书（加工装配）-doc0057
外贸单证模板大全-10制单结汇-受益人证明-doc0042
外贸单证模板大全-10制单结汇-商业发票-doc0001
外贸单证模板大全-10制单结汇-商检证书之数量重量质量证-doc0040
外贸单证模板大全-10制单结汇-商检证书之植物检疫证书-doc0039
外贸单证模板大全-10制单结汇-普惠制产地证-doc0010
外贸单证模板大全-10制单结汇-服装装箱单-doc0029
外贸单证模板大全-10制单结汇-汇票-doc0026
外贸单证模板大全-10制单结汇-海运提单-doc0015
外贸单证模板大全-10制单结汇-船证明-doc0067
外贸单证模板大全-10制单结汇-装箱单-doc0006
外贸单证模板大全-10制单结汇-装船通知-doc0007
外贸单证模板大全-10制单结汇-输欧盟纺织品产地证-doc0027
外贸单证模板大全-11核销退税-出口收汇核销单-doc0025
外贸单证模板大全-11核销退税-出口收汇核销单送审登记表-doc0072
外贸单证模板大全-11核销退税-出口退税专用缴款书-doc0018
外贸单证模板大全-11核销退税-增值税发票-doc0019
外贸单证模板大全-11核销退税-外贸企业出口退税汇总申报审批表-doc0078
外贸单证模板大全-11核销退税-收汇水单（中信银行）-doc0080
外贸单证模板大全-11核销退税-认证清单-doc0077
外贸单证模板大全-1交易准备-往来函电（建立业务关系）-doc0046
外贸单证模板大全-2交易磋商-交易磋商（发盘）-doc0062
外贸单证模板大全-2交易磋商-交易磋商（接受）-doc0064
外贸单证模板大全-2交易磋商-交易磋商（还盘）-doc0063
外贸单证模板大全-2交易磋商-外销合同-doc0008
外贸单证模板大全-2交易磋商-报价单-doc0035
外贸单证模板大全-3信用证-信用证-doc0033
外贸单证模板大全-3信用证-信用证修改书-doc0048
外贸单证模板大全-3信用证-信用证修改函-doc0054
外贸单证模板大全-3信用证-信用证修改通知书-doc0037
外贸单证模板大全-3信用证-信用证通知书-doc0020
外贸单证模板大全-3信用证-催证函电-doc0053
外贸单证模板大全-3信用证-形式发票-doc0009
外贸单证模板大全-4备货-内销合同-doc0017
外贸单证模板大全-4备货-出口单位内部品控文件-doc0066
外贸单证模板大全-4备货-唛头通知书-doc0065
外贸单证模板大全-5租船订舱-出仓通知单-doc0028
外贸单证模板大全-5租船订舱-出口货物托运单-doc0082
外贸单证模板大全-5租船订舱-出口货物明细单-doc0030
外贸单证模板大全-5租船订舱-出运表-doc0074
外贸单证模板大全-5租船订舱-场站收据副本（收货单）-doc0081
外贸单证模板大全-5租船订舱-委托订舱更改单-doc0049
外贸单证模板大全-5租船订舱-装货单-doc0041
外贸单证模板大全-5租船订舱-设备交接单（出场）-doc0086
外贸单证模板大全-5租船订舱-设备交接单（进场）-doc0087
外贸单证模板大全-5租船订舱-调箱函-doc0075
外贸单证模板大全-5租船订舱-货物出运委托书-doc0031
外贸单证模板大全-5租船订舱-送货通知-doc0052
外贸单证模板大全-5租船订舱-配舱回单-doc0085
外贸单证模板大全-5租船订舱-集装箱预配清单-doc0073
外贸单证模板大全-6报验-体积证-doc0045
外贸单证模板大全-6报验-健康证书-doc0038
外贸单证模板大全-6报验-出境货物报检单-doc0003
外贸单证模板大全-6报验-出境货物换证凭单-doc0021
外贸单证模板大全-6报验-出境货物换证凭条-doc0083
外贸单证模板大全-6报验-出境货物通关单-doc0022
外贸单证模板大全-6报验-厂检单（申请包装查验单）-doc0047
外贸单证模板大全-6报验-报检委托书-doc0023
外贸单证模板大全-6报验-检验不合格通知单-doc0056
外贸单证模板大全-6报验-植物检疫证书-doc0039
外贸单证模板大全-6报验-重量证-doc0005
外贸单证模板大全-7报关-出口货物报关单-doc0002
外贸单证模板大全-7报关-报关委托书-doc0024
外贸单证模板大全-8保险-保险凭证-doc0050
外贸单证模板大全-8保险-保险单-doc0013
外贸单证模板大全-8保险-出口货物投保单-doc0012
外贸单证模板大全-9装船出运-内陆运费发票-doc0071
外贸单证模板大全-9装船出运-出口货物托运单-doc0082
外贸单证模板大全-9装船出运-场站收据副本（收货单）-doc0081
外贸单证模板大全-9装船出运-海运提单-doc0015
外贸单证模板大全-9装船出运-海运费发票-doc0070
外贸单证模板大全-9装船出运-空运单-doc0016
外贸单证模板大全-9装船出运-装船通知书-doc0007
外贸单证模板大全-9装船出运-装货单-doc0041
外贸单证模板大全-9装船出运-配船及费用确认-doc0076
